<?xml version="1.0" encoding="UTF-8"?>
<testng-results total="0" passed="0" failed="0" skipped="0">
  <reporter-output>
  </reporter-output>
  <suite started-at="2019-07-18T11:16:37Z" name="oussama.cucumberdemo.AppTest" finished-at="2019-07-18T11:16:37Z" duration-ms="1">
    <groups>
    </groups>
    <test started-at="2019-07-18T11:16:37Z" name="Command line test" finished-at="2019-07-18T11:16:37Z" duration-ms="1">
    </test> <!-- Command line test -->
  </suite> <!-- oussama.cucumberdemo.AppTest -->
</testng-results>
